<?xml version="1.0" encoding="UTF-8"?>
<testsuite xmlns:xsi="http://www.w3.org/2001/XMLSchema-instance" xsi:noNamespaceSchemaLocation="https://maven.apache.org/surefire/maven-surefire-plugin/xsd/surefire-test-report.xsd" version="3.0.1" name="LengthTest" time="0.065" tests="11" errors="0" skipped="0" failures="0">
  <properties>
[...]
</properties>
  <testcase name="testAddition_ExplicitTarget_SamllToLargeScale" classname="LengthTest" time="0.027"/>
  <testcase name="testAddition_ExplicitTarget_NegativeValues" classname="LengthTest" time="0.001"/>
  <testcase name="testAddition_ExplicitTarget_Inches" classname="LengthTest" time="0.0"/>
  <testcase name="testAddition_ExplicitTarget_Yards" classname="LengthTest" time="0.001"/>
  <testcase name="testAddition_ExplicitTarget_Centimeters" classname="LengthTest" time="0.001"/>
  <testcase name="testAddition_ExplicitTarget_NullTargetUnit" classname="LengthTest" time="0.002"/>
  <testcase name="testAddition_ExplicitTarget_LargeToSmallScale" classname="LengthTest" time="0.0"/>
  <testcase name="testAddition_ExplicitTarget_SameAsSecondOperand" classname="LengthTest" time="0.001"/>
  <testcase name="testAddition_ExplicitTarget_WithZero" classname="LengthTest" time="0.0"/>
  <testcase name="testAddition_ExplicitTarget_Feet" classname="LengthTest" time="0.0"/>
  <testcase name="testAddition_ExplicitTarget_Commutativity" classname="LengthTest" time="0.0"/>
</testsuite>