<?xml version="1.0" encoding="UTF-8"?>
<testsuite xmlns:xsi="http://www.w3.org/2001/XMLSchema-instance" xsi:noNamespaceSchemaLocation="https://maven.apache.org/surefire/maven-surefire-plugin/xsd/surefire-test-report.xsd" version="3.0.1" name="WeightTest" time="0.025" tests="14" errors="0" skipped="0" failures="1">
  <properties>
[...]
</properties>
  <testcase name="testEquality_GramToKilogram_EquivalentValue" classname="WeightTest" time="0.001"/>
  <testcase name="testConversion_PoundToKilogram" classname="WeightTest" time="0.0"/>
  <testcase name="testConversion_ZeroValue" classname="WeightTest" time="0.0"/>
  <testcase name="testConversion_RoundTrip" classname="WeightTest" time="0.0"/>
  <testcase name="testConversion_NegativeValue" classname="WeightTest" time="0.0"/>
  <testcase name="testConversion_KilogramToPound" classname="WeightTest" time="0.009">
    <failure message="expected: Weight@7722c3c3&lt;2.205 POUND&gt; but was: Weight@2ef3eef9&lt;2.205 POUND&gt;" type="org.opentest4j.AssertionFailedError"><![CDATA[org.opentest4j.AssertionFailedError: expected: Weight@7722c3c3<2.205 POUND> but was: Weight@2ef3eef9<2.205 POUND>
	at org.junit.jupiter.api.AssertionFailureBuilder.build(AssertionFailureBuilder.java:151)
	at org.junit.jupiter.api.AssertionFailureBuilder.buildAndThrow(AssertionFailureBuilder.java:132)
	at org.junit.jupiter.api.AssertEquals.failNotEqual(AssertEquals.java:197)
	at org.junit.jupiter.api.AssertEquals.assertEquals(AssertEquals.java:182)
	at org.junit.jupiter.api.AssertEquals.assertEquals(AssertEquals.java:177)
	at org.junit.jupiter.api.Assertions.assertEquals(Assertions.java:1145)
	at WeightTest.testConversion_KilogramToPound(WeightTest.java:64)
	at java.base/java.lang.reflect.Method.invoke(Method.java:565)
	at java.base/java.util.ArrayList.forEach(ArrayList.java:1604)
	at java.base/java.util.ArrayList.forEach(ArrayList.java:1604)
]]></failure>
  </testcase>
  <testcase name="testAddition_NegativeValues" classname="WeightTest" time="0.001"/>
  <testcase name="testEquality_KilogramToKilogram_SameValue" classname="WeightTest" time="0.001"/>
  <testcase name="testEquality_WeightVsLength_Incompatible" classname="WeightTest" time="0.0"/>
  <testcase name="testEquality_SameReference" classname="WeightTest" time="0.001"/>
  <testcase name="testEquality_NullComparison" classname="WeightTest" time="0.001"/>
  <testcase name="testConversion_SameUnit" classname="WeightTest" time="0.001"/>
  <testcase name="testAddition_WithZero" classname="WeightTest" time="0.0"/>
  <testcase name="testEquality_KilogramToKilogram_DifferentValue" classname="WeightTest" time="0.0"/>
</testsuite>